# JRE version: OpenJDK Runtime Environment Temurin-17.0.13+11 (17.0.13+11) (build 17.0.13+11)
# Java VM: OpenJDK 64-Bit Server VM Temurin-17.0.13+11 (17.0.13+11, mixed mode, tiered, compressed oops, compressed class ptrs, parallel gc, windows-amd64)
GC Precious Log:
 CPUs: 4 total, 4 available
 Memory: 8080M
 Large Page Support: Disabled
 NUMA Support: Disabled
 Compressed Oops: Enabled (32-bit)
 Alignments: Space 512K, Generation 512K, Heap 2M
 Heap Min Capacity: 100M
 Heap Initial Capacity: 100M
 Heap Max Capacity: 1G
 Pre-touch: Disabled
 Parallel Workers: 4
Heap:
 PSYoungGen      total 10752K, used 10728K [0x00000000eab00000, 0x00000000ec980000, 0x0000000100000000)
  eden space 9728K, 100% used [0x00000000eab00000,0x00000000eb480000,0x00000000eb480000)
  from space 1024K, 97% used [0x00000000eb680000,0x00000000eb77a030,0x00000000eb780000)
  to   space 10752K, 0% used [0x00000000ebf00000,0x00000000ebf00000,0x00000000ec980000)
 ParOldGen       total 123904K, used 116175K [0x00000000c0000000, 0x00000000c7900000, 0x00000000eab00000)
  object space 123904K, 93% used [0x00000000c0000000,0x00000000c7173e28,0x00000000c7900000)
 Metaspace       used 94076K, committed 95296K, reserved 1179648K
  class space    used 9345K, committed 9856K, reserved 1048576K
GC Heap History (20 events):
Event: 5508.678 GC heap after
{Heap after GC invocations=3019 (full 53):
 PSYoungGen      total 10240K, used 448K [0x00000000eab00000, 0x00000000eb980000, 0x0000000100000000)
  eden space 9728K, 0% used [0x00000000eab00000,0x00000000eab00000,0x00000000eb480000)
  from space 512K, 87% used [0x00000000eb900000,0x00000000eb9702b0,0x00000000eb980000)
  to   space 512K, 0% used [0x00000000eb880000,0x00000000eb880000,0x00000000eb900000)
 ParOldGen       total 123904K, used 104874K [0x00000000c0000000, 0x00000000c7900000, 0x00000000eab00000)
  object space 123904K, 84% used [0x00000000c0000000,0x00000000c666a838,0x00000000c7900000)
 Metaspace       used 92937K, committed 94080K, reserved 1179648K
  class space    used 9181K, committed 9664K, reserved 1048576K
}
Event: 5510.119 GC heap before
{Heap before GC invocations=3020 (full 53):
 PSYoungGen      total 10240K, used 10176K [0x00000000eab00000, 0x00000000eb980000, 0x0000000100000000)
  eden space 9728K, 100% used [0x00000000eab00000,0x00000000eb480000,0x00000000eb480000)
  from space 512K, 87% used [0x00000000eb900000,0x00000000eb9702b0,0x00000000eb980000)
  to   space 512K, 0% used [0x00000000eb880000,0x00000000eb880000,0x00000000eb900000)
 ParOldGen       total 123904K, used 104874K [0x00000000c0000000, 0x00000000c7900000, 0x00000000eab00000)
  object space 123904K, 84% used [0x00000000c0000000,0x00000000c666a838,0x00000000c7900000)
 Metaspace       used 93222K, committed 94464K, reserved 1179648K
  class space    used 9219K, committed 9728K, reserved 1048576K
}
Event: 5510.121 GC heap after
{Heap after GC invocations=3020 (full 53):
 PSYoungGen      total 10240K, used 509K [0x00000000eab00000, 0x00000000eb980000, 0x0000000100000000)
  eden space 9728K, 0% used [0x00000000eab00000,0x00000000eab00000,0x00000000eb480000)
  from space 512K, 99% used [0x00000000eb880000,0x00000000eb8ff790,0x00000000eb900000)
  to   space 512K, 0% used [0x00000000eb900000,0x00000000eb900000,0x00000000eb980000)
 ParOldGen       total 123904K, used 105278K [0x00000000c0000000, 0x00000000c7900000, 0x00000000eab00000)
  object space 123904K, 84% used [0x00000000c0000000,0x00000000c66cfb18,0x00000000c7900000)
 Metaspace       used 93222K, committed 94464K, reserved 1179648K
  class space    used 9219K, committed 9728K, reserved 1048576K
}
Event: 5514.484 GC heap before
{Heap before GC invocations=3021 (full 53):
 PSYoungGen      total 10240K, used 10237K [0x00000000eab00000, 0x00000000eb980000, 0x0000000100000000)
  eden space 9728K, 100% used [0x00000000eab00000,0x00000000eb480000,0x00000000eb480000)
  from space 512K, 99% used [0x00000000eb880000,0x00000000eb8ff790,0x00000000eb900000)
  to   space 512K, 0% used [0x00000000eb900000,0x00000000eb900000,0x00000000eb980000)
 ParOldGen       total 123904K, used 105278K [0x00000000c0000000, 0x00000000c7900000, 0x00000000eab00000)
  object space 123904K, 84% used [0x00000000c0000000,0x00000000c66cfb18,0x00000000c7900000)
 Metaspace       used 93857K, committed 95040K, reserved 1179648K
  class space    used 9322K, committed 9792K, reserved 1048576K
}
Event: 5514.486 GC heap after
{Heap after GC invocations=3021 (full 53):
 PSYoungGen      total 10240K, used 496K [0x00000000eab00000, 0x00000000eb980000, 0x0000000100000000)
  eden space 9728K, 0% used [0x00000000eab00000,0x00000000eab00000,0x00000000eb480000)
  from space 512K, 96% used [0x00000000eb900000,0x00000000eb97c1b8,0x00000000eb980000)
  to   space 2048K, 0% used [0x00000000eb580000,0x00000000eb580000,0x00000000eb780000)
 ParOldGen       total 123904K, used 106406K [0x00000000c0000000, 0x00000000c7900000, 0x00000000eab00000)
  object space 123904K, 85% used [0x00000000c0000000,0x00000000c67e9ab8,0x00000000c7900000)
 Metaspace       used 93857K, committed 95040K, reserved 1179648K
  class space    used 9322K, committed 9792K, reserved 1048576K
}
Event: 5514.885 GC heap before
{Heap before GC invocations=3022 (full 53):
 PSYoungGen      total 10240K, used 10224K [0x00000000eab00000, 0x00000000eb980000, 0x0000000100000000)
  eden space 9728K, 100% used [0x00000000eab00000,0x00000000eb480000,0x00000000eb480000)
  from space 512K, 96% used [0x00000000eb900000,0x00000000eb97c1b8,0x00000000eb980000)
  to   space 2048K, 0% used [0x00000000eb580000,0x00000000eb580000,0x00000000eb780000)
 ParOldGen       total 123904K, used 106406K [0x00000000c0000000, 0x00000000c7900000, 0x00000000eab00000)
  object space 123904K, 85% used [0x00000000c0000000,0x00000000c67e9ab8,0x00000000c7900000)
 Metaspace       used 93884K, committed 95040K, reserved 1179648K
  class space    used 9322K, committed 9792K, reserved 1048576K
}
Event: 5514.887 GC heap after
{Heap after GC invocations=3022 (full 53):
 PSYoungGen      total 11776K, used 799K [0x00000000eab00000, 0x00000000eb980000, 0x0000000100000000)
  eden space 9728K, 0% used [0x00000000eab00000,0x00000000eab00000,0x00000000eb480000)
  from space 2048K, 39% used [0x00000000eb580000,0x00000000eb647d50,0x00000000eb780000)
  to   space 1536K, 0% used [0x00000000eb800000,0x00000000eb800000,0x00000000eb980000)
 ParOldGen       total 123904K, used 106895K [0x00000000c0000000, 0x00000000c7900000, 0x00000000eab00000)
  object space 123904K, 86% used [0x00000000c0000000,0x00000000c6863c70,0x00000000c7900000)
 Metaspace       used 93884K, committed 95040K, reserved 1179648K
  class space    used 9322K, committed 9792K, reserved 1048576K
}
Event: 5518.527 GC heap before
{Heap before GC invocations=3023 (full 53):
 PSYoungGen      total 11776K, used 10522K [0x00000000eab00000, 0x00000000eb980000, 0x0000000100000000)
  eden space 9728K, 99% used [0x00000000eab00000,0x00000000eb47ee78,0x00000000eb480000)
  from space 2048K, 39% used [0x00000000eb580000,0x00000000eb647d50,0x00000000eb780000)
  to   space 1536K, 0% used [0x00000000eb800000,0x00000000eb800000,0x00000000eb980000)
 ParOldGen       total 123904K, used 106895K [0x00000000c0000000, 0x00000000c7900000, 0x00000000eab00000)
  object space 123904K, 86% used [0x00000000c0000000,0x00000000c6863c70,0x00000000c7900000)
 Metaspace       used 93957K, committed 95168K, reserved 1179648K
  class space    used 9330K, committed 9792K, reserved 1048576K
}
Event: 5518.541 GC heap after
{Heap after GC invocations=3023 (full 53):
 PSYoungGen      total 10752K, used 596K [0x00000000eab00000, 0x00000000eb900000, 0x0000000100000000)
  eden space 9728K, 0% used [0x00000000eab00000,0x00000000eab00000,0x00000000eb480000)
  from space 1024K, 58% used [0x00000000eb800000,0x00000000eb895220,0x00000000eb900000)
  to   space 1024K, 0% used [0x00000000eb700000,0x00000000eb700000,0x00000000eb800000)
 ParOldGen       total 123904K, used 107073K [0x00000000c0000000, 0x00000000c7900000, 0x00000000eab00000)
  object space 123904K, 86% used [0x00000000c0000000,0x00000000c6890778,0x00000000c7900000)
 Metaspace       used 93957K, committed 95168K, reserved 1179648K
  class space    used 9330K, committed 9792K, reserved 1048576K
}
Event: 8089.254 GC heap before
{Heap before GC invocations=3024 (full 53):
 PSYoungGen      total 10752K, used 10324K [0x00000000eab00000, 0x00000000eb900000, 0x0000000100000000)
  eden space 9728K, 100% used [0x00000000eab00000,0x00000000eb480000,0x00000000eb480000)
  from space 1024K, 58% used [0x00000000eb800000,0x00000000eb895220,0x00000000eb900000)
  to   space 1024K, 0% used [0x00000000eb700000,0x00000000eb700000,0x00000000eb800000)
 ParOldGen       total 123904K, used 107073K [0x00000000c0000000, 0x00000000c7900000, 0x00000000eab00000)
  object space 123904K, 86% used [0x00000000c0000000,0x00000000c6890778,0x00000000c7900000)
 Metaspace       used 94018K, committed 95232K, reserved 1179648K
  class space    used 9335K, committed 9856K, reserved 1048576K
}
Event: 8089.263 GC heap after
{Heap after GC invocations=3024 (full 53):
 PSYoungGen      total 10752K, used 873K [0x00000000eab00000, 0x00000000eb880000, 0x0000000100000000)
  eden space 9728K, 0% used [0x00000000eab00000,0x00000000eab00000,0x00000000eb480000)
  from space 1024K, 85% used [0x00000000eb700000,0x00000000eb7da440,0x00000000eb800000)
  to   space 512K, 0% used [0x00000000eb800000,0x00000000eb800000,0x00000000eb880000)
 ParOldGen       total 123904K, used 107582K [0x00000000c0000000, 0x00000000c7900000, 0x00000000eab00000)
  object space 123904K, 86% used [0x00000000c0000000,0x00000000c690f9b8,0x00000000c7900000)
 Metaspace       used 94018K, committed 95232K, reserved 1179648K
  class space    used 9335K, committed 9856K, reserved 1048576K
}
Event: 8095.297 GC heap before
{Heap before GC invocations=3025 (full 53):
 PSYoungGen      total 10752K, used 10601K [0x00000000eab00000, 0x00000000eb880000, 0x0000000100000000)
  eden space 9728K, 100% used [0x00000000eab00000,0x00000000eb480000,0x00000000eb480000)
  from space 1024K, 85% used [0x00000000eb700000,0x00000000eb7da440,0x00000000eb800000)
  to   space 512K, 0% used [0x00000000eb800000,0x00000000eb800000,0x00000000eb880000)
 ParOldGen       total 123904K, used 107582K [0x00000000c0000000, 0x00000000c7900000, 0x00000000eab00000)
  object space 123904K, 86% used [0x00000000c0000000,0x00000000c690f9b8,0x00000000c7900000)
 Metaspace       used 94018K, committed 95232K, reserved 1179648K
  class space    used 9335K, committed 9856K, reserved 1048576K
}
Event: 8095.299 GC heap after
{Heap after GC invocations=3025 (full 53):
 PSYoungGen      total 10240K, used 372K [0x00000000eab00000, 0x00000000eb880000, 0x0000000100000000)
  eden space 9728K, 0% used [0x00000000eab00000,0x00000000eab00000,0x00000000eb480000)
  from space 512K, 72% used [0x00000000eb800000,0x00000000eb85d240,0x00000000eb880000)
  to   space 1024K, 0% used [0x00000000eb680000,0x00000000eb680000,0x00000000eb780000)
 ParOldGen       total 123904K, used 108138K [0x00000000c0000000, 0x00000000c7900000, 0x00000000eab00000)
  object space 123904K, 87% used [0x00000000c0000000,0x00000000c699abf8,0x00000000c7900000)
 Metaspace       used 94018K, committed 95232K, reserved 1179648K
  class space    used 9335K, committed 9856K, reserved 1048576K
}
Event: 8099.719 GC heap before
{Heap before GC invocations=3026 (full 53):
 PSYoungGen      total 10240K, used 10100K [0x00000000eab00000, 0x00000000eb880000, 0x0000000100000000)
  eden space 9728K, 100% used [0x00000000eab00000,0x00000000eb480000,0x00000000eb480000)
  from space 512K, 72% used [0x00000000eb800000,0x00000000eb85d240,0x00000000eb880000)
  to   space 1024K, 0% used [0x00000000eb680000,0x00000000eb680000,0x00000000eb780000)
 ParOldGen       total 123904K, used 108138K [0x00000000c0000000, 0x00000000c7900000, 0x00000000eab00000)
  object space 123904K, 87% used [0x00000000c0000000,0x00000000c699abf8,0x00000000c7900000)
 Metaspace       used 94073K, committed 95296K, reserved 1179648K
  class space    used 9345K, committed 9856K, reserved 1048576K
}
Event: 8099.721 GC heap after
{Heap after GC invocations=3026 (full 53):
 PSYoungGen      total 10752K, used 836K [0x00000000eab00000, 0x00000000eb880000, 0x0000000100000000)
  eden space 9728K, 0% used [0x00000000eab00000,0x00000000eab00000,0x00000000eb480000)
  from space 1024K, 81% used [0x00000000eb680000,0x00000000eb751290,0x00000000eb780000)
  to   space 1024K, 0% used [0x00000000eb780000,0x00000000eb780000,0x00000000eb880000)
 ParOldGen       total 123904K, used 108138K [0x00000000c0000000, 0x00000000c7900000, 0x00000000eab00000)
  object space 123904K, 87% used [0x00000000c0000000,0x00000000c699abf8,0x00000000c7900000)
 Metaspace       used 94073K, committed 95296K, reserved 1179648K
  class space    used 9345K, committed 9856K, reserved 1048576K
}
Event: 8102.275 GC heap before
{Heap before GC invocations=3027 (full 53):
 PSYoungGen      total 10752K, used 10564K [0x00000000eab00000, 0x00000000eb880000, 0x0000000100000000)
  eden space 9728K, 99% used [0x00000000eab00000,0x00000000eb47fff0,0x00000000eb480000)
  from space 1024K, 81% used [0x00000000eb680000,0x00000000eb751290,0x00000000eb780000)
  to   space 1024K, 0% used [0x00000000eb780000,0x00000000eb780000,0x00000000eb880000)
 ParOldGen       total 123904K, used 108138K [0x00000000c0000000, 0x00000000c7900000, 0x00000000eab00000)
  object space 123904K, 87% used [0x00000000c0000000,0x00000000c699abf8,0x00000000c7900000)
 Metaspace       used 94075K, committed 95296K, reserved 1179648K
  class space    used 9345K, committed 9856K, reserved 1048576K
}
Event: 8102.278 GC heap after
{Heap after GC invocations=3027 (full 53):
 PSYoungGen      total 10752K, used 820K [0x00000000eab00000, 0x00000000eb880000, 0x0000000100000000)
  eden space 9728K, 0% used [0x00000000eab00000,0x00000000eab00000,0x00000000eb480000)
  from space 1024K, 80% used [0x00000000eb780000,0x00000000eb84d260,0x00000000eb880000)
  to   space 1024K, 0% used [0x00000000eb680000,0x00000000eb680000,0x00000000eb780000)
 ParOldGen       total 123904K, used 108138K [0x00000000c0000000, 0x00000000c7900000, 0x00000000eab00000)
  object space 123904K, 87% used [0x00000000c0000000,0x00000000c699abf8,0x00000000c7900000)
 Metaspace       used 94075K, committed 95296K, reserved 1179648K
  class space    used 9345K, committed 9856K, reserved 1048576K
}
Event: 8102.401 GC heap before
{Heap before GC invocations=3028 (full 53):
 PSYoungGen      total 10752K, used 10548K [0x00000000eab00000, 0x00000000eb880000, 0x0000000100000000)
  eden space 9728K, 100% used [0x00000000eab00000,0x00000000eb480000,0x00000000eb480000)
  from space 1024K, 80% used [0x00000000eb780000,0x00000000eb84d260,0x00000000eb880000)
  to   space 1024K, 0% used [0x00000000eb680000,0x00000000eb680000,0x00000000eb780000)
 ParOldGen       total 123904K, used 108138K [0x00000000c0000000, 0x00000000c7900000, 0x00000000eab00000)
  object space 123904K, 87% used [0x00000000c0000000,0x00000000c699abf8,0x00000000c7900000)
 Metaspace       used 94076K, committed 95296K, reserved 1179648K
  class space    used 9345K, committed 9856K, reserved 1048576K
}
Event: 8102.411 GC heap after
{Heap after GC invocations=3028 (full 53):
 PSYoungGen      total 10752K, used 1000K [0x00000000eab00000, 0x00000000ec980000, 0x0000000100000000)
  eden space 9728K, 0% used [0x00000000eab00000,0x00000000eab00000,0x00000000eb480000)
  from space 1024K, 97% used [0x00000000eb680000,0x00000000eb77a030,0x00000000eb780000)
  to   space 10752K, 0% used [0x00000000ebf00000,0x00000000ebf00000,0x00000000ec980000)
 ParOldGen       total 123904K, used 116175K [0x00000000c0000000, 0x00000000c7900000, 0x00000000eab00000)
  object space 123904K, 93% used [0x00000000c0000000,0x00000000c7173e28,0x00000000c7900000)
 Metaspace       used 94076K, committed 95296K, reserved 1179648K
  class space    used 9345K, committed 9856K, reserved 1048576K
}
Event: 8102.537 GC heap before
{Heap before GC invocations=3029 (full 54):
 PSYoungGen      total 10752K, used 10728K [0x00000000eab00000, 0x00000000ec980000, 0x0000000100000000)
  eden space 9728K, 100% used [0x00000000eab00000,0x00000000eb480000,0x00000000eb480000)
  from space 1024K, 97% used [0x00000000eb680000,0x00000000eb77a030,0x00000000eb780000)
  to   space 10752K, 0% used [0x00000000ebf00000,0x00000000ebf00000,0x00000000ec980000)
 ParOldGen       total 123904K, used 116175K [0x00000000c0000000, 0x00000000c7900000, 0x00000000eab00000)
  object space 123904K, 93% used [0x00000000c0000000,0x00000000c7173e28,0x00000000c7900000)
 Metaspace       used 94076K, committed 95296K, reserved 1179648K
  class space    used 9345K, committed 9856K, reserved 1048576K
}

